[2025-12-14T01:18:04.772+0000] {manager.py:469} INFO - Processing files using up to 2 processes at a time 
[2025-12-14T01:18:04.774+0000] {manager.py:470} INFO - Process each file at most once every 30 seconds
[2025-12-14T01:18:04.775+0000] {manager.py:471} INFO - Checking for new files in /opt/airflow/dags every 300 seconds
[2025-12-14T01:18:04.775+0000] {manager.py:738} INFO - Searching for files in /opt/airflow/dags
[2025-12-14T01:18:04.784+0000] {manager.py:741} INFO - There are 0 files in /opt/airflow/dags
[2025-12-14T01:23:05.483+0000] {manager.py:738} INFO - Searching for files in /opt/airflow/dags
[2025-12-14T01:23:05.499+0000] {manager.py:741} INFO - There are 0 files in /opt/airflow/dags
[2025-12-14T01:28:06.249+0000] {manager.py:738} INFO - Searching for files in /opt/airflow/dags
[2025-12-14T01:28:06.257+0000] {manager.py:741} INFO - There are 0 files in /opt/airflow/dags
[2025-12-14T01:30:32.432+0000] {manager.py:451} INFO - Exiting gracefully upon receiving signal 15
[2025-12-14T01:31:05.012+0000] {manager.py:469} INFO - Processing files using up to 2 processes at a time 
[2025-12-14T01:31:05.013+0000] {manager.py:470} INFO - Process each file at most once every 30 seconds
[2025-12-14T01:31:05.015+0000] {manager.py:471} INFO - Checking for new files in /opt/airflow/dags every 300 seconds
[2025-12-14T01:31:05.017+0000] {manager.py:738} INFO - Searching for files in /opt/airflow/dags
[2025-12-14T01:31:05.025+0000] {manager.py:741} INFO - There are 0 files in /opt/airflow/dags
[2025-12-14T01:36:05.512+0000] {manager.py:738} INFO - Searching for files in /opt/airflow/dags
[2025-12-14T01:36:05.521+0000] {manager.py:741} INFO - There are 1 files in /opt/airflow/dags
[2025-12-14T01:36:06.628+0000] {manager.py:879} INFO - 
================================================================================
DAG File Processing Stats

File Path                          PID    Runtime      # DAGs    # Errors  Last Runtime    Last Run
---------------------------------  -----  ---------  --------  ----------  --------------  -------------------
/opt/airflow/dags/db_post_test.py                           1           0  0.38s           2025-12-14T01:36:05
================================================================================
[2025-12-14T01:36:37.260+0000] {manager.py:879} INFO - 
================================================================================
DAG File Processing Stats

File Path                          PID    Runtime      # DAGs    # Errors  Last Runtime    Last Run
---------------------------------  -----  ---------  --------  ----------  --------------  -------------------
/opt/airflow/dags/db_post_test.py                           1           0  0.18s           2025-12-14T01:36:36
================================================================================
[2025-12-14T01:37:07.691+0000] {manager.py:879} INFO - 
================================================================================
DAG File Processing Stats

File Path                          PID    Runtime      # DAGs    # Errors  Last Runtime    Last Run
---------------------------------  -----  ---------  --------  ----------  --------------  -------------------
/opt/airflow/dags/db_post_test.py                           1           0  0.30s           2025-12-14T01:37:06
================================================================================
[2025-12-14T01:37:38.087+0000] {manager.py:879} INFO - 
================================================================================
DAG File Processing Stats

File Path                          PID    Runtime      # DAGs    # Errors  Last Runtime    Last Run
---------------------------------  -----  ---------  --------  ----------  --------------  -------------------
/opt/airflow/dags/db_post_test.py                           1           0  0.22s           2025-12-14T01:37:37
================================================================================
[2025-12-14T01:38:08.497+0000] {manager.py:879} INFO - 
================================================================================
DAG File Processing Stats

File Path                          PID    Runtime      # DAGs    # Errors  Last Runtime    Last Run
---------------------------------  -----  ---------  --------  ----------  --------------  -------------------
/opt/airflow/dags/db_post_test.py                           1           0  0.30s           2025-12-14T01:38:07
================================================================================
[2025-12-14T01:38:38.960+0000] {manager.py:879} INFO - 
================================================================================
DAG File Processing Stats

File Path                          PID    Runtime      # DAGs    # Errors  Last Runtime    Last Run
---------------------------------  -----  ---------  --------  ----------  --------------  -------------------
/opt/airflow/dags/db_post_test.py                           1           0  0.27s           2025-12-14T01:38:38
================================================================================
[2025-12-14T01:39:09.340+0000] {manager.py:879} INFO - 
================================================================================
DAG File Processing Stats

File Path                          PID    Runtime      # DAGs    # Errors  Last Runtime    Last Run
---------------------------------  -----  ---------  --------  ----------  --------------  -------------------
/opt/airflow/dags/db_post_test.py                           1           0  0.17s           2025-12-14T01:39:08
================================================================================
[2025-12-14T01:39:39.736+0000] {manager.py:879} INFO - 
================================================================================
DAG File Processing Stats

File Path                          PID    Runtime      # DAGs    # Errors  Last Runtime    Last Run
---------------------------------  -----  ---------  --------  ----------  --------------  -------------------
/opt/airflow/dags/db_post_test.py                           1           0  0.17s           2025-12-14T01:39:38
================================================================================
[2025-12-14T01:40:10.042+0000] {manager.py:879} INFO - 
================================================================================
DAG File Processing Stats

File Path                          PID    Runtime      # DAGs    # Errors  Last Runtime    Last Run
---------------------------------  -----  ---------  --------  ----------  --------------  -------------------
/opt/airflow/dags/db_post_test.py                           1           0  0.28s           2025-12-14T01:40:09
================================================================================
[2025-12-14T01:40:40.330+0000] {manager.py:879} INFO - 
================================================================================
DAG File Processing Stats

File Path                          PID    Runtime      # DAGs    # Errors  Last Runtime    Last Run
---------------------------------  -----  ---------  --------  ----------  --------------  -------------------
/opt/airflow/dags/db_post_test.py                           1           0  0.17s           2025-12-14T01:40:39
================================================================================
[2025-12-14T01:41:05.624+0000] {manager.py:738} INFO - Searching for files in /opt/airflow/dags
[2025-12-14T01:41:05.682+0000] {manager.py:741} INFO - There are 1 files in /opt/airflow/dags
[2025-12-14T01:41:10.648+0000] {manager.py:879} INFO - 
================================================================================
DAG File Processing Stats

File Path                          PID    Runtime      # DAGs    # Errors  Last Runtime    Last Run
---------------------------------  -----  ---------  --------  ----------  --------------  -------------------
/opt/airflow/dags/db_post_test.py                           1           0  0.20s           2025-12-14T01:41:09
================================================================================
[2025-12-14T01:41:40.938+0000] {manager.py:879} INFO - 
================================================================================
DAG File Processing Stats

File Path                          PID    Runtime      # DAGs    # Errors  Last Runtime    Last Run
---------------------------------  -----  ---------  --------  ----------  --------------  -------------------
/opt/airflow/dags/db_post_test.py                           1           0  0.19s           2025-12-14T01:41:40
================================================================================
[2025-12-14T01:42:11.341+0000] {manager.py:879} INFO - 
================================================================================
DAG File Processing Stats

File Path                          PID    Runtime      # DAGs    # Errors  Last Runtime    Last Run
---------------------------------  -----  ---------  --------  ----------  --------------  -------------------
/opt/airflow/dags/db_post_test.py                           1           0  0.21s           2025-12-14T01:42:10
================================================================================
[2025-12-14T01:42:41.708+0000] {manager.py:879} INFO - 
================================================================================
DAG File Processing Stats

File Path                          PID    Runtime      # DAGs    # Errors  Last Runtime    Last Run
---------------------------------  -----  ---------  --------  ----------  --------------  -------------------
/opt/airflow/dags/db_post_test.py                           1           0  0.24s           2025-12-14T01:42:40
================================================================================
[2025-12-14T01:43:12.050+0000] {manager.py:879} INFO - 
================================================================================
DAG File Processing Stats

File Path                          PID    Runtime      # DAGs    # Errors  Last Runtime    Last Run
---------------------------------  -----  ---------  --------  ----------  --------------  -------------------
/opt/airflow/dags/db_post_test.py                           1           0  0.18s           2025-12-14T01:43:11
================================================================================
[2025-12-14T01:43:42.351+0000] {manager.py:879} INFO - 
================================================================================
DAG File Processing Stats

File Path                          PID    Runtime      # DAGs    # Errors  Last Runtime    Last Run
---------------------------------  -----  ---------  --------  ----------  --------------  -------------------
/opt/airflow/dags/db_post_test.py                           1           0  0.15s           2025-12-14T01:43:41
================================================================================
[2025-12-14T01:44:12.707+0000] {manager.py:879} INFO - 
================================================================================
DAG File Processing Stats

File Path                          PID    Runtime      # DAGs    # Errors  Last Runtime    Last Run
---------------------------------  -----  ---------  --------  ----------  --------------  -------------------
/opt/airflow/dags/db_post_test.py                           1           0  0.25s           2025-12-14T01:44:11
================================================================================
[2025-12-14T01:44:43.123+0000] {manager.py:879} INFO - 
================================================================================
DAG File Processing Stats

File Path                          PID    Runtime      # DAGs    # Errors  Last Runtime    Last Run
---------------------------------  -----  ---------  --------  ----------  --------------  -------------------
/opt/airflow/dags/db_post_test.py                           1           0  0.20s           2025-12-14T01:44:42
================================================================================
[2025-12-14T01:45:13.358+0000] {manager.py:879} INFO - 
================================================================================
DAG File Processing Stats

File Path                          PID    Runtime      # DAGs    # Errors  Last Runtime    Last Run
---------------------------------  -----  ---------  --------  ----------  --------------  -------------------
/opt/airflow/dags/db_post_test.py                           1           0  0.14s           2025-12-14T01:45:12
================================================================================
[2025-12-14T01:45:43.671+0000] {manager.py:879} INFO - 
================================================================================
DAG File Processing Stats

File Path                          PID    Runtime      # DAGs    # Errors  Last Runtime    Last Run
---------------------------------  -----  ---------  --------  ----------  --------------  -------------------
/opt/airflow/dags/db_post_test.py                           1           0  0.26s           2025-12-14T01:45:42
================================================================================
[2025-12-14T01:46:05.873+0000] {manager.py:738} INFO - Searching for files in /opt/airflow/dags
[2025-12-14T01:46:05.929+0000] {manager.py:741} INFO - There are 1 files in /opt/airflow/dags
[2025-12-14T01:46:14.030+0000] {manager.py:879} INFO - 
================================================================================
DAG File Processing Stats

File Path                          PID    Runtime      # DAGs    # Errors  Last Runtime    Last Run
---------------------------------  -----  ---------  --------  ----------  --------------  -------------------
/opt/airflow/dags/db_post_test.py                           1           0  0.23s           2025-12-14T01:46:13
================================================================================
[2025-12-14T01:46:44.469+0000] {manager.py:879} INFO - 
================================================================================
DAG File Processing Stats

File Path                          PID    Runtime      # DAGs    # Errors  Last Runtime    Last Run
---------------------------------  -----  ---------  --------  ----------  --------------  -------------------
/opt/airflow/dags/db_post_test.py                           1           0  0.39s           2025-12-14T01:46:43
================================================================================
[2025-12-14T01:47:14.920+0000] {manager.py:879} INFO - 
================================================================================
DAG File Processing Stats

File Path                          PID    Runtime      # DAGs    # Errors  Last Runtime    Last Run
---------------------------------  -----  ---------  --------  ----------  --------------  -------------------
/opt/airflow/dags/db_post_test.py                           1           0  0.27s           2025-12-14T01:47:14
================================================================================
[2025-12-14T01:47:45.248+0000] {manager.py:879} INFO - 
================================================================================
DAG File Processing Stats

File Path                          PID    Runtime      # DAGs    # Errors  Last Runtime    Last Run
---------------------------------  -----  ---------  --------  ----------  --------------  -------------------
/opt/airflow/dags/db_post_test.py                           1           0  0.19s           2025-12-14T01:47:44
================================================================================
[2025-12-14T01:48:15.611+0000] {manager.py:879} INFO - 
================================================================================
DAG File Processing Stats

File Path                          PID    Runtime      # DAGs    # Errors  Last Runtime    Last Run
---------------------------------  -----  ---------  --------  ----------  --------------  -------------------
/opt/airflow/dags/db_post_test.py                           1           0  0.16s           2025-12-14T01:48:14
================================================================================
[2025-12-14T01:48:45.903+0000] {manager.py:879} INFO - 
================================================================================
DAG File Processing Stats

File Path                          PID    Runtime      # DAGs    # Errors  Last Runtime    Last Run
---------------------------------  -----  ---------  --------  ----------  --------------  -------------------
/opt/airflow/dags/db_post_test.py                           1           0  0.16s           2025-12-14T01:48:45
================================================================================
[2025-12-14T01:49:16.223+0000] {manager.py:879} INFO - 
================================================================================
DAG File Processing Stats

File Path                          PID    Runtime      # DAGs    # Errors  Last Runtime    Last Run
---------------------------------  -----  ---------  --------  ----------  --------------  -------------------
/opt/airflow/dags/db_post_test.py                           1           0  0.21s           2025-12-14T01:49:15
================================================================================
[2025-12-14T01:49:46.587+0000] {manager.py:879} INFO - 
================================================================================
DAG File Processing Stats

File Path                          PID    Runtime      # DAGs    # Errors  Last Runtime    Last Run
---------------------------------  -----  ---------  --------  ----------  --------------  -------------------
/opt/airflow/dags/db_post_test.py                           1           0  0.20s           2025-12-14T01:49:45
================================================================================
[2025-12-14T01:50:16.910+0000] {manager.py:879} INFO - 
================================================================================
DAG File Processing Stats

File Path                          PID    Runtime      # DAGs    # Errors  Last Runtime    Last Run
---------------------------------  -----  ---------  --------  ----------  --------------  -------------------
/opt/airflow/dags/db_post_test.py                           1           0  0.33s           2025-12-14T01:50:16
================================================================================
[2025-12-14T01:50:47.428+0000] {manager.py:879} INFO - 
================================================================================
DAG File Processing Stats

File Path                          PID    Runtime      # DAGs    # Errors  Last Runtime    Last Run
---------------------------------  -----  ---------  --------  ----------  --------------  -------------------
/opt/airflow/dags/db_post_test.py                           1           0  0.24s           2025-12-14T01:50:46
================================================================================
[2025-12-14T01:51:06.618+0000] {manager.py:738} INFO - Searching for files in /opt/airflow/dags
[2025-12-14T01:51:06.639+0000] {manager.py:741} INFO - There are 1 files in /opt/airflow/dags
[2025-12-14T01:51:17.863+0000] {manager.py:879} INFO - 
================================================================================
DAG File Processing Stats

File Path                          PID    Runtime      # DAGs    # Errors  Last Runtime    Last Run
---------------------------------  -----  ---------  --------  ----------  --------------  -------------------
/opt/airflow/dags/db_post_test.py                           1           0  0.19s           2025-12-14T01:51:17
================================================================================
[2025-12-14T01:51:48.268+0000] {manager.py:879} INFO - 
================================================================================
DAG File Processing Stats

File Path                          PID    Runtime      # DAGs    # Errors  Last Runtime    Last Run
---------------------------------  -----  ---------  --------  ----------  --------------  -------------------
/opt/airflow/dags/db_post_test.py                           1           0  0.23s           2025-12-14T01:51:47
================================================================================
[2025-12-14T01:52:18.551+0000] {manager.py:879} INFO - 
================================================================================
DAG File Processing Stats

File Path                          PID    Runtime      # DAGs    # Errors  Last Runtime    Last Run
---------------------------------  -----  ---------  --------  ----------  --------------  -------------------
/opt/airflow/dags/db_post_test.py                           1           0  0.23s           2025-12-14T01:52:17
================================================================================
[2025-12-14T01:52:48.959+0000] {manager.py:879} INFO - 
================================================================================
DAG File Processing Stats

File Path                          PID    Runtime      # DAGs    # Errors  Last Runtime    Last Run
---------------------------------  -----  ---------  --------  ----------  --------------  -------------------
/opt/airflow/dags/db_post_test.py                           1           0  0.20s           2025-12-14T01:52:48
================================================================================
[2025-12-14T01:53:19.311+0000] {manager.py:879} INFO - 
================================================================================
DAG File Processing Stats

File Path                          PID    Runtime      # DAGs    # Errors  Last Runtime    Last Run
---------------------------------  -----  ---------  --------  ----------  --------------  -------------------
/opt/airflow/dags/db_post_test.py                           1           0  0.29s           2025-12-14T01:53:18
================================================================================
[2025-12-14T01:53:49.774+0000] {manager.py:879} INFO - 
================================================================================
DAG File Processing Stats

File Path                          PID    Runtime      # DAGs    # Errors  Last Runtime    Last Run
---------------------------------  -----  ---------  --------  ----------  --------------  -------------------
/opt/airflow/dags/db_post_test.py                           1           0  0.32s           2025-12-14T01:53:48
================================================================================
[2025-12-14T01:54:20.179+0000] {manager.py:879} INFO - 
================================================================================
DAG File Processing Stats

File Path                          PID    Runtime      # DAGs    # Errors  Last Runtime    Last Run
---------------------------------  -----  ---------  --------  ----------  --------------  -------------------
/opt/airflow/dags/db_post_test.py                           1           0  0.36s           2025-12-14T01:54:19
================================================================================
[2025-12-14T01:54:50.801+0000] {manager.py:879} INFO - 
================================================================================
DAG File Processing Stats

File Path                          PID    Runtime      # DAGs    # Errors  Last Runtime    Last Run
---------------------------------  -----  ---------  --------  ----------  --------------  -------------------
/opt/airflow/dags/db_post_test.py                           1           0  0.20s           2025-12-14T01:54:49
================================================================================
[2025-12-14T02:01:04.785+0000] {manager.py:738} INFO - Searching for files in /opt/airflow/dags
[2025-12-14T02:01:04.853+0000] {manager.py:741} INFO - There are 1 files in /opt/airflow/dags
[2025-12-14T02:01:04.914+0000] {manager.py:879} INFO - 
================================================================================
DAG File Processing Stats

File Path                            PID  Runtime      # DAGs    # Errors  Last Runtime    Last Run
---------------------------------  -----  ---------  --------  ----------  --------------  -------------------
/opt/airflow/dags/db_post_test.py    369  0.01s             1           0  0.30s           2025-12-14T01:55:20
================================================================================
[2025-12-14T02:01:35.283+0000] {manager.py:879} INFO - 
================================================================================
DAG File Processing Stats

File Path                            PID  Runtime      # DAGs    # Errors  Last Runtime    Last Run
---------------------------------  -----  ---------  --------  ----------  --------------  -------------------
/opt/airflow/dags/db_post_test.py    376  0.01s             1           0  0.32s           2025-12-14T02:01:05
================================================================================
[2025-12-14T02:02:05.878+0000] {manager.py:879} INFO - 
================================================================================
DAG File Processing Stats

File Path                            PID  Runtime      # DAGs    # Errors  Last Runtime    Last Run
---------------------------------  -----  ---------  --------  ----------  --------------  -------------------
/opt/airflow/dags/db_post_test.py    381  0.02s             1           0  0.32s           2025-12-14T02:01:35
================================================================================
[2025-12-14T02:02:36.160+0000] {manager.py:879} INFO - 
================================================================================
DAG File Processing Stats

File Path                          PID    Runtime      # DAGs    # Errors  Last Runtime    Last Run
---------------------------------  -----  ---------  --------  ----------  --------------  -------------------
/opt/airflow/dags/db_post_test.py                           1           0  0.30s           2025-12-14T02:02:06
================================================================================
[2025-12-14T02:03:06.076+0000] {manager.py:879} INFO - 
================================================================================
DAG File Processing Stats

File Path                          PID    Runtime      # DAGs    # Errors  Last Runtime    Last Run
---------------------------------  -----  ---------  --------  ----------  --------------  -------------------
/opt/airflow/dags/db_post_test.py                           1           0  0.41s           2025-12-14T02:02:36
================================================================================
[2025-12-14T02:03:36.376+0000] {manager.py:879} INFO - 
================================================================================
DAG File Processing Stats

File Path                          PID    Runtime      # DAGs    # Errors  Last Runtime    Last Run
---------------------------------  -----  ---------  --------  ----------  --------------  -------------------
/opt/airflow/dags/db_post_test.py                           1           0  0.35s           2025-12-14T02:03:07
================================================================================
[2025-12-14T02:04:07.006+0000] {manager.py:879} INFO - 
================================================================================
DAG File Processing Stats

File Path                          PID    Runtime      # DAGs    # Errors  Last Runtime    Last Run
---------------------------------  -----  ---------  --------  ----------  --------------  -------------------
/opt/airflow/dags/db_post_test.py                           1           0  0.23s           2025-12-14T02:03:37
================================================================================
[2025-12-14T02:04:37.491+0000] {manager.py:879} INFO - 
================================================================================
DAG File Processing Stats

File Path                          PID    Runtime      # DAGs    # Errors  Last Runtime    Last Run
---------------------------------  -----  ---------  --------  ----------  --------------  -------------------
/opt/airflow/dags/db_post_test.py                           1           0  0.32s           2025-12-14T02:04:08
================================================================================
[2025-12-14T02:05:07.851+0000] {manager.py:879} INFO - 
================================================================================
DAG File Processing Stats

File Path                          PID    Runtime      # DAGs    # Errors  Last Runtime    Last Run
---------------------------------  -----  ---------  --------  ----------  --------------  -------------------
/opt/airflow/dags/db_post_test.py                           1           0  0.19s           2025-12-14T02:04:38
================================================================================
[2025-12-14T02:05:38.243+0000] {manager.py:879} INFO - 
================================================================================
DAG File Processing Stats

File Path                          PID    Runtime      # DAGs    # Errors  Last Runtime    Last Run
---------------------------------  -----  ---------  --------  ----------  --------------  -------------------
/opt/airflow/dags/db_post_test.py                           1           0  0.25s           2025-12-14T02:05:09
================================================================================
[2025-12-14T02:06:05.571+0000] {manager.py:738} INFO - Searching for files in /opt/airflow/dags
[2025-12-14T02:06:05.651+0000] {manager.py:741} INFO - There are 1 files in /opt/airflow/dags
[2025-12-14T02:06:08.743+0000] {manager.py:879} INFO - 
================================================================================
DAG File Processing Stats

File Path                          PID    Runtime      # DAGs    # Errors  Last Runtime    Last Run
---------------------------------  -----  ---------  --------  ----------  --------------  -------------------
/opt/airflow/dags/db_post_test.py                           1           0  0.16s           2025-12-14T02:05:39
================================================================================
[2025-12-14T02:06:38.990+0000] {manager.py:879} INFO - 
================================================================================
DAG File Processing Stats

File Path                          PID    Runtime      # DAGs    # Errors  Last Runtime    Last Run
---------------------------------  -----  ---------  --------  ----------  --------------  -------------------
/opt/airflow/dags/db_post_test.py                           1           0  0.22s           2025-12-14T02:06:09
================================================================================
[2025-12-14T02:07:09.424+0000] {manager.py:879} INFO - 
================================================================================
DAG File Processing Stats

File Path                          PID    Runtime      # DAGs    # Errors  Last Runtime    Last Run
---------------------------------  -----  ---------  --------  ----------  --------------  -------------------
/opt/airflow/dags/db_post_test.py                           1           0  0.26s           2025-12-14T02:06:40
================================================================================
[2025-12-14T02:07:39.709+0000] {manager.py:879} INFO - 
================================================================================
DAG File Processing Stats

File Path                          PID    Runtime      # DAGs    # Errors  Last Runtime    Last Run
---------------------------------  -----  ---------  --------  ----------  --------------  -------------------
/opt/airflow/dags/db_post_test.py                           1           0  0.23s           2025-12-14T02:07:10
================================================================================
[2025-12-14T02:08:10.073+0000] {manager.py:879} INFO - 
================================================================================
DAG File Processing Stats

File Path                          PID    Runtime      # DAGs    # Errors  Last Runtime    Last Run
---------------------------------  -----  ---------  --------  ----------  --------------  -------------------
/opt/airflow/dags/db_post_test.py                           1           0  0.22s           2025-12-14T02:07:40
================================================================================
[2025-12-14T02:08:40.331+0000] {manager.py:879} INFO - 
================================================================================
DAG File Processing Stats

File Path                          PID    Runtime      # DAGs    # Errors  Last Runtime    Last Run
---------------------------------  -----  ---------  --------  ----------  --------------  -------------------
/opt/airflow/dags/db_post_test.py                           1           0  0.23s           2025-12-14T02:08:11
================================================================================
[2025-12-14T02:09:10.863+0000] {manager.py:879} INFO - 
================================================================================
DAG File Processing Stats

File Path                          PID    Runtime      # DAGs    # Errors  Last Runtime    Last Run
---------------------------------  -----  ---------  --------  ----------  --------------  -------------------
/opt/airflow/dags/db_post_test.py                           1           0  0.23s           2025-12-14T02:08:41
================================================================================
[2025-12-14T02:09:41.127+0000] {manager.py:879} INFO - 
================================================================================
DAG File Processing Stats

File Path                          PID    Runtime      # DAGs    # Errors  Last Runtime    Last Run
---------------------------------  -----  ---------  --------  ----------  --------------  -------------------
/opt/airflow/dags/db_post_test.py                           1           0  0.24s           2025-12-14T02:09:12
================================================================================
[2025-12-14T02:10:11.401+0000] {manager.py:879} INFO - 
================================================================================
DAG File Processing Stats

File Path                          PID    Runtime      # DAGs    # Errors  Last Runtime    Last Run
---------------------------------  -----  ---------  --------  ----------  --------------  -------------------
/opt/airflow/dags/db_post_test.py                           1           0  0.16s           2025-12-14T02:09:42
================================================================================
[2025-12-14T02:10:41.769+0000] {manager.py:879} INFO - 
================================================================================
DAG File Processing Stats

File Path                          PID    Runtime      # DAGs    # Errors  Last Runtime    Last Run
---------------------------------  -----  ---------  --------  ----------  --------------  -------------------
/opt/airflow/dags/db_post_test.py                           1           0  0.24s           2025-12-14T02:10:12
================================================================================
[2025-12-14T02:11:06.017+0000] {manager.py:738} INFO - Searching for files in /opt/airflow/dags
[2025-12-14T02:11:06.122+0000] {manager.py:741} INFO - There are 1 files in /opt/airflow/dags
[2025-12-14T02:11:12.252+0000] {manager.py:879} INFO - 
================================================================================
DAG File Processing Stats

File Path                          PID    Runtime      # DAGs    # Errors  Last Runtime    Last Run
---------------------------------  -----  ---------  --------  ----------  --------------  -------------------
/opt/airflow/dags/db_post_test.py                           1           0  0.25s           2025-12-14T02:10:43
================================================================================
[2025-12-14T02:11:42.510+0000] {manager.py:879} INFO - 
================================================================================
DAG File Processing Stats

File Path                          PID    Runtime      # DAGs    # Errors  Last Runtime    Last Run
---------------------------------  -----  ---------  --------  ----------  --------------  -------------------
/opt/airflow/dags/db_post_test.py                           1           0  0.26s           2025-12-14T02:11:13
================================================================================
[2025-12-14T02:12:12.972+0000] {manager.py:879} INFO - 
================================================================================
DAG File Processing Stats

File Path                          PID    Runtime      # DAGs    # Errors  Last Runtime    Last Run
---------------------------------  -----  ---------  --------  ----------  --------------  -------------------
/opt/airflow/dags/db_post_test.py                           1           0  0.25s           2025-12-14T02:11:44
================================================================================
[2025-12-14T02:12:43.456+0000] {manager.py:879} INFO - 
================================================================================
DAG File Processing Stats

File Path                          PID    Runtime      # DAGs    # Errors  Last Runtime    Last Run
---------------------------------  -----  ---------  --------  ----------  --------------  -------------------
/opt/airflow/dags/db_post_test.py                           1           0  0.39s           2025-12-14T02:12:14
================================================================================
[2025-12-14T02:13:14.085+0000] {manager.py:879} INFO - 
================================================================================
DAG File Processing Stats

File Path                          PID    Runtime      # DAGs    # Errors  Last Runtime    Last Run
---------------------------------  -----  ---------  --------  ----------  --------------  -------------------
/opt/airflow/dags/db_post_test.py                           1           0  0.24s           2025-12-14T02:12:45
================================================================================
[2025-12-14T02:13:44.569+0000] {manager.py:879} INFO - 
================================================================================
DAG File Processing Stats

File Path                          PID    Runtime      # DAGs    # Errors  Last Runtime    Last Run
---------------------------------  -----  ---------  --------  ----------  --------------  -------------------
/opt/airflow/dags/db_post_test.py                           1           0  0.20s           2025-12-14T02:13:15
================================================================================
[2025-12-14T02:14:14.953+0000] {manager.py:879} INFO - 
================================================================================
DAG File Processing Stats

File Path                          PID    Runtime      # DAGs    # Errors  Last Runtime    Last Run
---------------------------------  -----  ---------  --------  ----------  --------------  -------------------
/opt/airflow/dags/db_post_test.py                           1           0  0.23s           2025-12-14T02:13:45
================================================================================
[2025-12-14T02:14:45.292+0000] {manager.py:879} INFO - 
================================================================================
DAG File Processing Stats

File Path                          PID    Runtime      # DAGs    # Errors  Last Runtime    Last Run
---------------------------------  -----  ---------  --------  ----------  --------------  -------------------
/opt/airflow/dags/db_post_test.py                           1           0  0.19s           2025-12-14T02:14:16
================================================================================
[2025-12-14T02:15:15.678+0000] {manager.py:879} INFO - 
================================================================================
DAG File Processing Stats

File Path                          PID    Runtime      # DAGs    # Errors  Last Runtime    Last Run
---------------------------------  -----  ---------  --------  ----------  --------------  -------------------
/opt/airflow/dags/db_post_test.py                           1           0  0.18s           2025-12-14T02:14:46
================================================================================
[2025-12-14T02:15:46.089+0000] {manager.py:879} INFO - 
================================================================================
DAG File Processing Stats

File Path                          PID    Runtime      # DAGs    # Errors  Last Runtime    Last Run
---------------------------------  -----  ---------  --------  ----------  --------------  -------------------
/opt/airflow/dags/db_post_test.py                           1           0  0.20s           2025-12-14T02:15:16
================================================================================
[2025-12-14T02:16:06.251+0000] {manager.py:738} INFO - Searching for files in /opt/airflow/dags
[2025-12-14T02:16:06.308+0000] {manager.py:741} INFO - There are 1 files in /opt/airflow/dags
[2025-12-14T02:16:16.425+0000] {manager.py:879} INFO - 
================================================================================
DAG File Processing Stats

File Path                          PID    Runtime      # DAGs    # Errors  Last Runtime    Last Run
---------------------------------  -----  ---------  --------  ----------  --------------  -------------------
/opt/airflow/dags/db_post_test.py                           1           0  0.20s           2025-12-14T02:15:47
================================================================================
[2025-12-14T02:16:46.813+0000] {manager.py:879} INFO - 
================================================================================
DAG File Processing Stats

File Path                          PID    Runtime      # DAGs    # Errors  Last Runtime    Last Run
---------------------------------  -----  ---------  --------  ----------  --------------  -------------------
/opt/airflow/dags/db_post_test.py                           1           0  0.21s           2025-12-14T02:16:17
================================================================================
[2025-12-14T02:17:17.129+0000] {manager.py:879} INFO - 
================================================================================
DAG File Processing Stats

File Path                          PID    Runtime      # DAGs    # Errors  Last Runtime    Last Run
---------------------------------  -----  ---------  --------  ----------  --------------  -------------------
/opt/airflow/dags/db_post_test.py                           1           0  0.23s           2025-12-14T02:16:48
================================================================================
[2025-12-14T02:17:47.503+0000] {manager.py:879} INFO - 
================================================================================
DAG File Processing Stats

File Path                          PID    Runtime      # DAGs    # Errors  Last Runtime    Last Run
---------------------------------  -----  ---------  --------  ----------  --------------  -------------------
/opt/airflow/dags/db_post_test.py                           1           0  0.23s           2025-12-14T02:17:18
================================================================================
[2025-12-14T02:18:17.867+0000] {manager.py:879} INFO - 
================================================================================
DAG File Processing Stats

File Path                          PID    Runtime      # DAGs    # Errors  Last Runtime    Last Run
---------------------------------  -----  ---------  --------  ----------  --------------  -------------------
/opt/airflow/dags/db_post_test.py                           1           0  0.22s           2025-12-14T02:17:48
================================================================================
[2025-12-14T02:18:23.002+0000] {manager.py:451} INFO - Exiting gracefully upon receiving signal 15
